#
# There is insufficient memory for the Java Runtime Environment to continue.
# Native memory allocation (mmap) failed to map 268435456 bytes for G1 virtual space
# Possible reasons:
#   The system is out of physical RAM or swap space
#   The process is running with CompressedOops enabled, and the Java Heap may be blocking the growth of the native heap
# Possible solutions:
#   Reduce memory load on the system
#   Increase physical memory or swap space
#   Check if swap backing store is full
#   Decrease Java heap size (-Xmx/-Xms)
#   Decrease number of Java threads
#   Decrease Java thread stack sizes (-Xss)
#   Set larger code cache with -XX:ReservedCodeCacheSize=
#   JVM is running with Zero Based Compressed Oops mode in which the Java heap is
#     placed in the first 32GB address space. The Java Heap base address is the
#     maximum limit for the native heap growth. Please use -XX:HeapBaseMinAddress
#     to set the Java Heap base and to place the Java Heap above 32GB virtual address.
# This output file may be truncated or incomplete.
#
#  Out of Memory Error (os_windows.cpp:3469), pid=6164, tid=28016
#
# JRE version:  (17.0+35) (build )
# Java VM: Java HotSpot(TM) 64-Bit Server VM (17+35-LTS-2724, mixed mode, sharing, tiered, compressed oops, compressed class ptrs, g1 gc, windows-amd64)
# No core dump will be written. Minidumps are not enabled by default on client versions of Windows
#

---------------  S U M M A R Y ------------

Command Line: -Dfile.encoding=UTF-8 -Dstdout.encoding=UTF-8 -Dstderr.encoding=UTF-8 -XX:+ShowCodeDetailsInExceptionMessages day20.ProductDriver

Host: Intel(R) Core(TM) i7-6650U CPU @ 2.20GHz, 4 cores, 15G,  Windows 10 , 64 bit Build 19041 (10.0.19041.5915)
Time: Thu Mar 12 20:20:50 2026 India Standard Time elapsed time: 0.015584 seconds (0d 0h 0m 0s)

---------------  T H R E A D  ---------------

Current thread (0x0000023aa67d2020):  JavaThread "Unknown thread" [_thread_in_vm, id=28016, stack(0x000000d2edb00000,0x000000d2edc00000)]

Stack: [0x000000d2edb00000,0x000000d2edc00000]
Native frames: (J=compiled Java code, j=interpreted, Vv=VM code, C=native code)
V  [jvm.dll+0x66f8ea]
V  [jvm.dll+0x7ce224]
V  [jvm.dll+0x7cf9ce]
V  [jvm.dll+0x7d0033]
V  [jvm.dll+0x242bb5]
V  [jvm.dll+0x66c909]
V  [jvm.dll+0x6613d2]
V  [jvm.dll+0x30082b]
V  [jvm.dll+0x307db6]
V  [jvm.dll+0x357a0e]
V  [jvm.dll+0x357c3f]
V  [jvm.dll+0x2d7ae8]
V  [jvm.dll+0x2d8a54]
V  [jvm.dll+0x7a00a1]
V  [jvm.dll+0x365781]
V  [jvm.dll+0x77f59c]
V  [jvm.dll+0x3e805f]
V  [jvm.dll+0x3e9b01]
C  [jli.dll+0x527b]
C  [ucrtbase.dll+0x21bb2]
C  [KERNEL32.DLL+0x17374]
C  [ntdll.dll+0x4cc91]


---------------  P R O C E S S  ---------------

Threads class SMR info:
_java_thread_list=0x00007ff8f8c97818, length=0, elements={
}

Java Threads: ( => current thread )

Other Threads:
  0x0000023aa6820d20 GCTaskThread "GC Thread#0" [stack: 0x000000d2edc00000,0x000000d2edd00000] [id=27100]
  0x0000023aa6833ac0 ConcurrentGCThread "G1 Main Marker" [stack: 0x000000d2edd00000,0x000000d2ede00000] [id=14432]
  0x0000023aa6834db0 ConcurrentGCThread "G1 Conc#0" [stack: 0x000000d2ede00000,0x000000d2edf00000] [id=20100]

[error occurred during error reporting (printing all threads), id 0xc0000005, EXCEPTION_ACCESS_VIOLATION (0xc0000005) at pc=0x00007ff8f84e84c7]

VM state: not at safepoint (not fully initialized)

VM Mutex/Monitor currently owned by a thread:  ([mutex/lock_event])
[0x0000023aa67ce5b0] Heap_lock - owner thread: 0x0000023aa67d2020

Heap address: 0x0000000701c00000, size: 4068 MB, Compressed Oops mode: Zero based, Oop shift amount: 3

CDS archive(s) mapped at: [0x0000000000000000-0x0000000000000000-0x0000000000000000), size 0, SharedBaseAddress: 0x0000000800000000, ArchiveRelocationMode: 0.
Narrow klass base: 0x0000000000000000, Narrow klass shift: 0, Narrow klass range: 0x0

GC Precious Log:
<Empty>

Heap:
 garbage-first heap   total 0K, used 0K [0x0000000701c00000, 0x0000000800000000)
  region size 2048K, 0 young (0K), 0 survivors (0K)

[error occurred during error reporting (printing heap information), id 0xc0000005, EXCEPTION_ACCESS_VIOLATION (0xc0000005) at pc=0x00007ff8f88c8c59]

GC Heap History (0 events):
No events

Deoptimization events (0 events):
No events

Classes unloaded (0 events):
No events

Classes redefined (0 events):
No events

Internal exceptions (0 events):
No events

VM Operations (0 events):
No events

Events (1 events):
Event: 0.010 Loaded shared library C:\Program Files\Java\jdk-17\bin\java.dll


Dynamic libraries:
0x00007ff7de050000 - 0x00007ff7de060000 	C:\Program Files\Java\jdk-17\bin\javaw.exe
0x00007ff94ed10000 - 0x00007ff94ef08000 	C:\Windows\SYSTEM32\ntdll.dll
0x00007ff94ec00000 - 0x00007ff94ecc2000 	C:\Windows\System32\KERNEL32.DLL
0x00007ff94c790000 - 0x00007ff94ca86000 	C:\Windows\System32\KERNELBASE.dll
0x00007ff94ca90000 - 0x00007ff94cb90000 	C:\Windows\System32\ucrtbase.dll
0x00007ff9435a0000 - 0x00007ff9435ba000 	C:\Program Files\Java\jdk-17\bin\VCRUNTIME140.dll
0x00007ff942730000 - 0x00007ff942748000 	C:\Program Files\Java\jdk-17\bin\jli.dll
0x00007ff94eb40000 - 0x00007ff94ebf1000 	C:\Windows\System32\ADVAPI32.dll
0x00007ff94e520000 - 0x00007ff94e5be000 	C:\Windows\System32\msvcrt.dll
0x00007ff94cd30000 - 0x00007ff94cdcf000 	C:\Windows\System32\sechost.dll
0x00007ff94d780000 - 0x00007ff94d8a0000 	C:\Windows\System32\RPCRT4.dll
0x00007ff94c760000 - 0x00007ff94c787000 	C:\Windows\System32\bcrypt.dll
0x00007ff94db00000 - 0x00007ff94dca1000 	C:\Windows\System32\USER32.dll
0x00007ff94cb90000 - 0x00007ff94cbb2000 	C:\Windows\System32\win32u.dll
0x00007ff94b6d0000 - 0x00007ff94b96b000 	C:\Windows\WinSxS\amd64_microsoft.windows.common-controls_6595b64144ccf1df_6.0.19041.6456_none_60b8a6cb71f64256\COMCTL32.dll
0x00007ff94d920000 - 0x00007ff94d94b000 	C:\Windows\System32\GDI32.dll
0x00007ff94cc10000 - 0x00007ff94cd29000 	C:\Windows\System32\gdi32full.dll
0x00007ff94c6c0000 - 0x00007ff94c75d000 	C:\Windows\System32\msvcp_win.dll
0x00007ff9489c0000 - 0x00007ff9489ca000 	C:\Windows\SYSTEM32\VERSION.dll
0x00007ff94ea60000 - 0x00007ff94ea8f000 	C:\Windows\System32\IMM32.DLL
0x00007ff946060000 - 0x00007ff94606c000 	C:\Program Files\Java\jdk-17\bin\vcruntime140_1.dll
0x00007ff91a6e0000 - 0x00007ff91a76d000 	C:\Program Files\Java\jdk-17\bin\msvcp140.dll
0x00007ff8f8200000 - 0x00007ff8f8dbe000 	C:\Program Files\Java\jdk-17\bin\server\jvm.dll
0x00007ff94dcb0000 - 0x00007ff94dcb8000 	C:\Windows\System32\PSAPI.DLL
0x00007ff937150000 - 0x00007ff937177000 	C:\Windows\SYSTEM32\WINMM.dll
0x00007ff945c90000 - 0x00007ff945c99000 	C:\Windows\SYSTEM32\WSOCK32.dll
0x00007ff94e990000 - 0x00007ff94e9fb000 	C:\Windows\System32\WS2_32.dll
0x00007ff94a510000 - 0x00007ff94a522000 	C:\Windows\SYSTEM32\kernel.appcore.dll
0x00007ff945bf0000 - 0x00007ff945bfa000 	C:\Program Files\Java\jdk-17\bin\jimage.dll
0x00007ff94bc70000 - 0x00007ff94be71000 	C:\Windows\SYSTEM32\DBGHELP.DLL
0x00007ff94ba80000 - 0x00007ff94bab4000 	C:\Windows\SYSTEM32\dbgcore.DLL
0x00007ff94c450000 - 0x00007ff94c4d2000 	C:\Windows\System32\bcryptPrimitives.dll
0x00007ff92c090000 - 0x00007ff92c0b5000 	C:\Program Files\Java\jdk-17\bin\java.dll

dbghelp: loaded successfully - version: 4.0.5 - missing functions: none
symbol engine: initialized successfully - sym options: 0x614 - pdb path: .;C:\Program Files\Java\jdk-17\bin;C:\Windows\SYSTEM32;C:\Windows\WinSxS\amd64_microsoft.windows.common-controls_6595b64144ccf1df_6.0.19041.6456_none_60b8a6cb71f64256;C:\Program Files\Java\jdk-17\bin\server

VM Arguments:
jvm_args: -Dfile.encoding=UTF-8 -Dstdout.encoding=UTF-8 -Dstderr.encoding=UTF-8 -XX:+ShowCodeDetailsInExceptionMessages 
java_command: day20.ProductDriver
java_class_path (initial): D:\EclipseJavaprogs2\KIITFSD\bin;D:\GL\Freshers\JSON\jackson-annotations-2.15.2.jar;D:\GL\Freshers\JSON\jackson-core-2.15.2.jar;D:\GL\Freshers\JSON\jackson-databind-2.15.2.jar
Launcher Type: SUN_STANDARD

[Global flags]
     intx CICompilerCount                          = 3                                         {product} {ergonomic}
     uint ConcGCThreads                            = 1                                         {product} {ergonomic}
     uint G1ConcRefinementThreads                  = 4                                         {product} {ergonomic}
   size_t G1HeapRegionSize                         = 2097152                                   {product} {ergonomic}
    uintx GCDrainStackTargetSize                   = 64                                        {product} {ergonomic}
   size_t InitialHeapSize                          = 268435456                                 {product} {ergonomic}
   size_t MarkStackSize                            = 4194304                                   {product} {ergonomic}
   size_t MaxHeapSize                              = 4265607168                                {product} {ergonomic}
   size_t MinHeapDeltaBytes                        = 2097152                                   {product} {ergonomic}
   size_t MinHeapSize                              = 8388608                                   {product} {ergonomic}
    uintx NonNMethodCodeHeapSize                   = 5832780                                {pd product} {ergonomic}
    uintx NonProfiledCodeHeapSize                  = 122912730                              {pd product} {ergonomic}
    uintx ProfiledCodeHeapSize                     = 122912730                              {pd product} {ergonomic}
    uintx ReservedCodeCacheSize                    = 251658240                              {pd product} {ergonomic}
     bool SegmentedCodeCache                       = true                                      {product} {ergonomic}
     bool ShowCodeDetailsInExceptionMessages       = true                                   {manageable} {command line}
   size_t SoftMaxHeapSize                          = 4265607168                             {manageable} {ergonomic}
     bool UseCompressedClassPointers               = true                           {product lp64_product} {ergonomic}
     bool UseCompressedOops                        = true                           {product lp64_product} {ergonomic}
     bool UseG1GC                                  = true                                      {product} {ergonomic}
     bool UseLargePagesIndividualAllocation        = false                                  {pd product} {ergonomic}

Logging:
Log output configuration:
 #0: stdout all=warning uptime,level,tags
 #1: stderr all=off uptime,level,tags

Environment Variables:
PATH=C:/Users/Umer Solanki/.p2/pool/plugins/org.eclipse.justj.openjdk.hotspot.jre.full.win32.x86_64_23.0.2.v20250131-0604/jre/bin/server;C:/Users/Umer Solanki/.p2/pool/plugins/org.eclipse.justj.openjdk.hotspot.jre.full.win32.x86_64_23.0.2.v20250131-0604/jre/bin;C:\Program Files\Common Files\Oracle\Java\javapath;C:\Program Files (x86)\Common Files\Oracle\Java\javapath;C:\Python313\Scripts\;C:\Python313\;C:\Windows\system32;C:\Windows;C:\Windows\System32\Wbem;C:\Windows\System32\WindowsPowerShell\v1.0\;C:\Windows\System32\OpenSSH\;C:\Program Files\nodejs\;C:\ProgramData\chocolatey\bin;C:\Program Files\Git\cmd;C:\Users\Umer Solanki\AppData\Local\Microsoft\WindowsApps;C:\Users\Umer Solanki\AppData\Roaming\npm;C:\Users\Umer Solanki\AppData\Local\Programs\Microsoft VS Code\bin;C:\Windows\system32;
USERNAME=Umer Solanki
OS=Windows_NT
PROCESSOR_IDENTIFIER=Intel64 Family 6 Model 78 Stepping 3, GenuineIntel



---------------  S Y S T E M  ---------------

OS:
 Windows 10 , 64 bit Build 19041 (10.0.19041.5915)
OS uptime: 10 days 9:33 hours

CPU: total 4 (initial active 4) (2 cores per cpu, 2 threads per core) family 6 model 78 stepping 3 microcode 0xec, cx8, cmov, fxsr, ht, mmx, 3dnowpref, sse, sse2, sse3, ssse3, sse4.1, sse4.2, popcnt, lzcnt, tsc, tscinvbit, avx, avx2, aes, erms, clmul, bmi1, bmi2, rtm, adx, fma, vzeroupper, clflush, clflushopt

Memory: 4k page, system-wide physical 16267M (4049M free)
TotalPageFile size 29184M (AvailPageFile size 175M)
current process WorkingSet (physical memory assigned to process): 10M, peak: 10M
current process commit charge ("private bytes"): 51M, peak: 307M

vm_info: Java HotSpot(TM) 64-Bit Server VM (17+35-LTS-2724) for windows-amd64 JRE (17+35-LTS-2724), built on Aug  5 2021 23:28:28 by "mach5one" with MS VC++ 16.8 (VS2019)

END.
